(tensor(15.4180, device='cuda:0'), [5, 5, 5, 5, 5, 1, 2, 6, 7])
Epoch:0|avg_loss:3.426914472655415|
Epoch:1|avg_loss:1.6003684717818607|
Epoch:2|avg_loss:0.959515735807425|
Epoch:3|avg_loss:0.5912798486251054|
Epoch:4|avg_loss:0.3826870725750794|
Epoch:5|avg_loss:0.2685238645207512|
Epoch:6|avg_loss:0.1887948037279213|
Epoch:7|avg_loss:0.1393675025517786|
Epoch:8|avg_loss:0.11751278819475519|
Epoch:9|avg_loss:0.09341995904224958|
Epoch:10|avg_loss:0.08220154190435602|
Epoch:11|avg_loss:0.07191756323105906|
Epoch:12|avg_loss:0.06132569329588217|
Epoch:13|avg_loss:0.058340787344890586|
Epoch:14|avg_loss:0.05296753229661797|
Epoch:15|avg_loss:0.0493497994518218|
Epoch:16|avg_loss:0.0515843020998783|
Epoch:17|avg_loss:0.05428070691772534|
Epoch:18|avg_loss:0.05112467506250745|
Epoch:19|avg_loss:0.052235566300888936|
Epoch:20|avg_loss:0.048034083060217656|
Epoch:21|avg_loss:0.0527454399375163|
Epoch:22|avg_loss:0.05256325279118414|
Epoch:23|avg_loss:0.04671509256079687|
Epoch:24|avg_loss:0.05687664520603546|
Epoch:25|avg_loss:0.053142172691234404|
Epoch:26|avg_loss:0.050211310774288184|
Epoch:27|avg_loss:0.05943786100428507|
Epoch:28|avg_loss:0.05303725898072023|
Epoch:29|avg_loss:0.04807799068676684|
Training Done.
Traceback (most recent call last):
  File "train.py", line 112, in <module>
    print(model(precheck_sent))
  File "/usr/local/lib/python3.5/dist-packages/torch/nn/modules/module.py", line 489, in __call__
    result = self.forward(*input, **kwargs)
  File "/home/dc2-user/NER/NER/BiLSTM_CRF.py", line 177, in forward
    lstm_feats = self._get_lstm_features(sentence)
  File "/home/dc2-user/NER/NER/BiLSTM_CRF.py", line 95, in _get_lstm_features
    embeds = self.word_embeds(sentence).view(len(sentence), 1, -1)
  File "/usr/local/lib/python3.5/dist-packages/torch/nn/modules/module.py", line 489, in __call__
    result = self.forward(*input, **kwargs)
  File "/usr/local/lib/python3.5/dist-packages/torch/nn/modules/sparse.py", line 118, in forward
    self.norm_type, self.scale_grad_by_freq, self.sparse)
  File "/usr/local/lib/python3.5/dist-packages/torch/nn/functional.py", line 1454, in embedding
    return torch.embedding(weight, input, padding_idx, scale_grad_by_freq, sparse)
RuntimeError: Expected object of backend CUDA but got backend CPU for argument #3 'index'
(tensor(15.4180, device='cuda:0'), [5, 5, 5, 5, 5, 1, 2, 6, 7])
Epoch:0|avg_loss:3.426914472655415|
Epoch:1|avg_loss:1.6003684717818607|
Epoch:2|avg_loss:0.959515735807425|
Epoch:3|avg_loss:0.5912798486251054|
Epoch:4|avg_loss:0.3826870725750794|
Epoch:5|avg_loss:0.2685238645207512|
Epoch:6|avg_loss:0.1887948037279213|
Epoch:7|avg_loss:0.1393675025517786|
Epoch:8|avg_loss:0.11751278819475519|
Epoch:9|avg_loss:0.09341995904224958|
Epoch:10|avg_loss:0.08220154190435602|
Epoch:11|avg_loss:0.07191756323105906|
Epoch:12|avg_loss:0.06132569329588217|
Epoch:13|avg_loss:0.058340787344890586|
Epoch:14|avg_loss:0.05296753229661797|
Training Done.
Traceback (most recent call last):
  File "train.py", line 112, in <module>
    print(model(precheck_sent))
  File "/usr/local/lib/python3.5/dist-packages/torch/nn/modules/module.py", line 489, in __call__
    result = self.forward(*input, **kwargs)
  File "/home/dc2-user/NER/NER/BiLSTM_CRF.py", line 177, in forward
    lstm_feats = self._get_lstm_features(sentence)
  File "/home/dc2-user/NER/NER/BiLSTM_CRF.py", line 95, in _get_lstm_features
    embeds = self.word_embeds(sentence).view(len(sentence), 1, -1)
  File "/usr/local/lib/python3.5/dist-packages/torch/nn/modules/module.py", line 489, in __call__
    result = self.forward(*input, **kwargs)
  File "/usr/local/lib/python3.5/dist-packages/torch/nn/modules/sparse.py", line 118, in forward
    self.norm_type, self.scale_grad_by_freq, self.sparse)
  File "/usr/local/lib/python3.5/dist-packages/torch/nn/functional.py", line 1454, in embedding
    return torch.embedding(weight, input, padding_idx, scale_grad_by_freq, sparse)
RuntimeError: Expected object of backend CUDA but got backend CPU for argument #3 'index'
Traceback (most recent call last):
  File "train.py", line 9, in <module>
    from CleanData import get_data_large, get_data_toy
  File "/home/dc2-user/NER/NER/CleanData.py", line 6, in <module>
    from torchtext.data import Field, Example, TabularDataset
ImportError: No module named 'torchtext'
Traceback (most recent call last):
  File "train.py", line 9, in <module>
    from CleanData import get_data_large, get_data_toy
  File "/home/dc2-user/NER/NER/CleanData.py", line 6, in <module>
    from torchtext.data import Field, Example, TabularDataset
ImportError: No module named 'torchtext'
(tensor(13.8835, device='cuda:0'), [0, 6, 0, 6, 2, 0, 6, 2, 0])
Epoch:0|avg_loss:6.218534776323559|
Epoch:1|avg_loss:5.330461483132987|
Epoch:2|avg_loss:4.993871149700478|
Epoch:3|avg_loss:4.79212826729441|
Epoch:4|avg_loss:4.620796422366075|
Epoch:5|avg_loss:4.481885795967455|
Epoch:6|avg_loss:4.362145156372454|
Epoch:7|avg_loss:4.254861849250541|
Epoch:8|avg_loss:4.140683959498468|
Epoch:9|avg_loss:4.030790864633113|
Epoch:10|avg_loss:3.954065019154585|
Epoch:11|avg_loss:3.843261037877085|
Epoch:12|avg_loss:3.769917614078046|
Epoch:13|avg_loss:3.686458309146915|
Epoch:14|avg_loss:3.5735536240818133|
Epoch:15|avg_loss:3.5054911624162957|
Epoch:16|avg_loss:3.4448192754020255|
Epoch:17|avg_loss:3.334161175064841|
Epoch:18|avg_loss:3.2774338307722823|
Epoch:19|avg_loss:3.178387856033808|
Epoch:20|avg_loss:3.111262792288133|
Epoch:21|avg_loss:3.0341275949527766|
Epoch:22|avg_loss:2.9587977014961715|
Epoch:23|avg_loss:2.8840927788783848|
Epoch:24|avg_loss:2.8300319982923967|
Epoch:25|avg_loss:2.744255658113954|
Epoch:26|avg_loss:2.6931953443355217|
Epoch:27|avg_loss:2.6109781345110665|
Training Done.
Traceback (most recent call last):
  File "train.py", line 113, in <module>
    print(model(precheck_sent))
  File "/usr/local/lib/python3.5/dist-packages/torch/nn/modules/module.py", line 489, in __call__
    result = self.forward(*input, **kwargs)
  File "/home/dc2-user/NER/NER/BiLSTM_CRF.py", line 180, in forward
    lstm_feats = self._get_lstm_features(sentence)
  File "/home/dc2-user/NER/NER/BiLSTM_CRF.py", line 96, in _get_lstm_features
    embeds = self.word_embeds(sentence).view(len(sentence), 1, -1)
  File "/usr/local/lib/python3.5/dist-packages/torch/nn/modules/module.py", line 489, in __call__
    result = self.forward(*input, **kwargs)
  File "/usr/local/lib/python3.5/dist-packages/torch/nn/modules/sparse.py", line 118, in forward
    self.norm_type, self.scale_grad_by_freq, self.sparse)
  File "/usr/local/lib/python3.5/dist-packages/torch/nn/functional.py", line 1454, in embedding
    return torch.embedding(weight, input, padding_idx, scale_grad_by_freq, sparse)
RuntimeError: Expected object of backend CUDA but got backend CPU for argument #3 'index'
